<?xml version="1.0" encoding="UTF-8" ?>
<testsuites name="vitest tests" tests="4" failures="0" errors="0" time="0.063991876">
    <testsuite name="test/index.test.ts" timestamp="2026-04-20T20:30:47.196Z" hostname="astandrik-osx" tests="3" failures="0" errors="0" skipped="0" time="0.042832709">
        <testcase classname="test/index.test.ts" name="index startup &gt; exits when global points schema validation fails" time="0.038305125">
        </testcase>
        <testcase classname="test/index.test.ts" name="index startup &gt; exits when points-by-file lookup schema validation fails" time="0.002310083">
        </testcase>
        <testcase classname="test/index.test.ts" name="index startup &gt; mirrors stderr writes to structured logs and the original stderr stream" time="0.001618834">
        </testcase>
    </testsuite>
    <testsuite name="test/compute/ComputePool.test.ts" timestamp="2026-04-20T20:30:47.196Z" hostname="astandrik-osx" tests="1" failures="0" errors="0" skipped="0" time="0.021159167">
        <testcase classname="test/compute/ComputePool.test.ts" name="ComputePool &gt; attaches an error listener that logs idle worker failures" time="0.020635">
        </testcase>
    </testsuite>
</testsuites>
